<?xml version="1.0" encoding="UTF-8"?>
<testng-results ignored="0" total="1" passed="1" failed="0" skipped="0">
  <reporter-output>
  </reporter-output>
  <suite started-at="2022-04-26T14:32:31 BDT" name="Default suite" finished-at="2022-04-26T14:32:42 BDT" duration-ms="11503">
    <groups>
    </groups>
    <test started-at="2022-04-26T14:32:31 BDT" name="Default test" finished-at="2022-04-26T14:32:42 BDT" duration-ms="11503">
      <class name="testcase.PurchaseOrder">
        <test-method is-config="true" signature="setDriver()[pri:0, instance:testcase.PurchaseOrder@33d512c1]" started-at="2022-04-26T14:32:26 BDT" name="setDriver" finished-at="2022-04-26T14:32:31 BDT" duration-ms="5139" status="PASS">
          <reporter-output>
          </reporter-output>
        </test-method> <!-- setDriver -->
        <test-method signature="locatorlearning()[pri:0, instance:testcase.PurchaseOrder@33d512c1]" started-at="2022-04-26T14:32:31 BDT" name="locatorlearning" finished-at="2022-04-26T14:32:42 BDT" duration-ms="11455" status="PASS">
          <reporter-output>
          </reporter-output>
        </test-method> <!-- locatorlearning -->
        <test-method is-config="true" signature="close()[pri:0, instance:testcase.PurchaseOrder@33d512c1]" started-at="2022-04-26T14:32:42 BDT" name="close" finished-at="2022-04-26T14:32:43 BDT" duration-ms="323" status="PASS">
          <reporter-output>
          </reporter-output>
        </test-method> <!-- close -->
      </class> <!-- testcase.PurchaseOrder -->
    </test> <!-- Default test -->
  </suite> <!-- Default suite -->
</testng-results>
