<?xml version="1.0" encoding="UTF-8"?>
<!-- Generated by org.testng.reporters.JUnitXMLReporter -->
<testsuite ignored="2" hostname="ShOeB" failures="0" tests="2" name="Test" time="23.849" errors="0" timestamp="2022-04-03T10:59:06 BDT">
  <testcase classname="testcase.LogInPage" name="locatorlearning" time="5.451"/>
  <testcase classname="testcase.BuyerOrder" name="locatorlearning" time="18.274"/>
  <testcase classname="testcase.driver" name="@AfterSuite close" time="0.0">
    <ignored/>
  </testcase> <!-- @AfterSuite close -->
  <testcase classname="testcase.driver" name="@BeforeSuite setDriver" time="0.0">
    <ignored/>
  </testcase> <!-- @BeforeSuite setDriver -->
</testsuite> <!-- Test -->
