<?xml version="1.0" encoding="UTF-8"?>
<!-- Generated by org.testng.reporters.JUnitXMLReporter -->
<testsuite ignored="2" hostname="ShOeB" failures="0" tests="1" name="Default test" time="6.646" errors="0" timestamp="2022-04-02T17:24:54 BDT">
  <testcase classname="testcase.LogInPage" name="locatorlearning" time="6.612"/>
  <testcase classname="testcase.driver" name="@AfterSuite close" time="0.0">
    <ignored/>
  </testcase> <!-- @AfterSuite close -->
  <testcase classname="testcase.driver" name="@BeforeSuite setDriver" time="0.0">
    <ignored/>
  </testcase> <!-- @BeforeSuite setDriver -->
</testsuite> <!-- Default test -->
